#
# There is insufficient memory for the Java Runtime Environment to continue.
# Native memory allocation (mmap) failed to map 264241152 bytes. Error detail: G1 virtual space
# Possible reasons:
#   The system is out of physical RAM or swap space
#   This process is running with CompressedOops enabled, and the Java Heap may be blocking the growth of the native heap
# Possible solutions:
#   Reduce memory load on the system
#   Increase physical memory or swap space
#   Check if swap backing store is full
#   Decrease Java heap size (-Xmx/-Xms)
#   Decrease number of Java threads
#   Decrease Java thread stack sizes (-Xss)
#   Set larger code cache with -XX:ReservedCodeCacheSize=
#   JVM is running with Zero Based Compressed Oops mode in which the Java heap is
#     placed in the first 32GB address space. The Java Heap base address is the
#     maximum limit for the native heap growth. Please use -XX:HeapBaseMinAddress
#     to set the Java Heap base and to place the Java Heap above 32GB virtual address.
# This output file may be truncated or incomplete.
#
#  Out of Memory Error (os_windows.cpp:3825), pid=173368, tid=116096
#
# JRE version:  (17.0.11) (build )
# Java VM: OpenJDK 64-Bit Server VM (17.0.11+0--11852314, mixed mode, sharing, tiered, compressed oops, compressed class ptrs, g1 gc, windows-amd64)
# No core dump will be written. Minidumps are not enabled by default on client versions of Windows
#

---------------  S U M M A R Y ------------

Command Line: org.jetbrains.kotlin.cli.jvm.K2JVMCompiler @C:\Users\z00834141\AndroidStudioProjects\MovieApp\app\build\20240913_2145934942666578239.compiler.options

Host: 12th Gen Intel(R) Core(TM) i9-12900H, 20 cores, 15G,  Windows 11 , 64 bit Build 22000 (10.0.22000.2538)
Time: Fri Sep 13 10:11:39 2024 Turkey Standard Time elapsed time: 0.005402 seconds (0d 0h 0m 0s)

---------------  T H R E A D  ---------------

Current thread (0x00000206948e2d40):  JavaThread "Unknown thread" [_thread_in_vm, id=116096, stack(0x0000003f76600000,0x0000003f76700000)]

Stack: [0x0000003f76600000,0x0000003f76700000]
Native frames: (J=compiled Java code, j=interpreted, Vv=VM code, C=native code)
V  [jvm.dll+0x687bb9]
V  [jvm.dll+0x84142a]
V  [jvm.dll+0x8430ae]
V  [jvm.dll+0x843713]
V  [jvm.dll+0x24a35f]
V  [jvm.dll+0x684989]
V  [jvm.dll+0x67923a]
V  [jvm.dll+0x30af0b]
V  [jvm.dll+0x3123b6]
V  [jvm.dll+0x361dfe]
V  [jvm.dll+0x36202f]
V  [jvm.dll+0x2e0d38]
V  [jvm.dll+0x2e1ca4]
V  [jvm.dll+0x811f21]
V  [jvm.dll+0x36fb68]
V  [jvm.dll+0x7f0896]
V  [jvm.dll+0x3f3d2f]
V  [jvm.dll+0x3f58e1]
C  [jli.dll+0x528f]
C  [ucrtbase.dll+0x26c0c]
C  [KERNEL32.DLL+0x153e0]
C  [ntdll.dll+0x485b]


---------------  P R O C E S S  ---------------

Threads class SMR info:
_java_thread_list=0x00007ffaa6e8efd8, length=0, elements={
}

Java Threads: ( => current thread )

Other Threads:
  0x000002069494e670 GCTaskThread "GC Thread#0" [stack: 0x0000003f76700000,0x0000003f76800000] [id=118224]
  0x000002069495f180 ConcurrentGCThread "G1 Main Marker" [stack: 0x0000003f76800000,0x0000003f76900000] [id=171076]
  0x0000020694960340 ConcurrentGCThread "G1 Conc#0" [stack: 0x0000003f76900000,0x0000003f76a00000] [id=172608]

[error occurred during error reporting (printing all threads), id 0xc0000005, EXCEPTION_ACCESS_VIOLATION (0xc0000005) at pc=0x00007ffaa6641907]

VM state: not at safepoint (not fully initialized)

VM Mutex/Monitor currently owned by a thread:  ([mutex/lock_event])
[0x00000206948de290] Heap_lock - owner thread: 0x00000206948e2d40

Heap address: 0x0000000704400000, size: 4028 MB, Compressed Oops mode: Zero based, Oop shift amount: 3

CDS archive(s) mapped at: [0x0000000000000000-0x0000000000000000-0x0000000000000000), size 0, SharedBaseAddress: 0x0000000800000000, ArchiveRelocationMode: 1.
Narrow klass base: 0x0000000000000000, Narrow klass shift: 0, Narrow klass range: 0x0

GC Precious Log:
<Empty>

Heap:
 garbage-first heap   total 0K, used 0K [0x0000000704400000, 0x0000000800000000)
  region size 2048K, 0 young (0K), 0 survivors (0K)
 Metaspace       used 0K, committed 0K, reserved 0K
  class space    used 0K, committed 0K, reserved 0K

Heap Regions: E=young(eden), S=young(survivor), O=old, HS=humongous(starts), HC=humongous(continues), CS=collection set, F=free, OA=open archive, CA=closed archive, TAMS=top-at-mark-start (previous, next)

Card table byte_map: [0x00000206a8040000,0x00000206a8820000] _byte_map_base: 0x00000206a481e000

Marking Bits (Prev, Next): (CMBitMap*) 0x000002069494ec90, (CMBitMap*) 0x000002069494ecd0
 Prev Bits: [0x00000206a9000000, 0x00000206acef0000)
 Next Bits: [0x00000206acef0000, 0x00000206b0de0000)

GC Heap History (0 events):
No events

Dll operation events (1 events):
Event: 0.003 Loaded shared library D:\Android\Android Studio1\jbr\bin\java.dll

Deoptimization events (0 events):
No events

Classes unloaded (0 events):
No events

Classes redefined (0 events):
No events

Internal exceptions (0 events):
No events

VM Operations (0 events):
No events

Events (0 events):
No events


Dynamic libraries:
0x00007ff72b210000 - 0x00007ff72b21a000 	D:\Android\Android Studio1\jbr\bin\java.exe
0x00007ffb285c0000 - 0x00007ffb287c9000 	C:\Windows\SYSTEM32\ntdll.dll
0x00007ffb271e0000 - 0x00007ffb2729d000 	C:\Windows\System32\KERNEL32.DLL
0x00007ffb26080000 - 0x00007ffb26404000 	C:\Windows\System32\KERNELBASE.dll
0x00007ffb049b0000 - 0x00007ffb049d4000 	C:\Windows\System32\ghijt64win10.dll
0x00007ffb28070000 - 0x00007ffb2811e000 	C:\Windows\System32\ADVAPI32.dll
0x00007ffb27320000 - 0x00007ffb273c3000 	C:\Windows\System32\msvcrt.dll
0x00007ffb26740000 - 0x00007ffb267de000 	C:\Windows\System32\sechost.dll
0x00007ffb28190000 - 0x00007ffb282b1000 	C:\Windows\System32\RPCRT4.dll
0x00007ffb25f60000 - 0x00007ffb26071000 	C:\Windows\System32\ucrtbase.dll
0x00007ffb22560000 - 0x00007ffb22577000 	D:\Android\Android Studio1\jbr\bin\jli.dll
0x00007ffb225c0000 - 0x00007ffb225db000 	D:\Android\Android Studio1\jbr\bin\VCRUNTIME140.dll
0x00007ffb27ec0000 - 0x00007ffb2806d000 	C:\Windows\System32\USER32.dll
0x00007ffb25f30000 - 0x00007ffb25f56000 	C:\Windows\System32\win32u.dll
0x00007ffb277f0000 - 0x00007ffb2781a000 	C:\Windows\System32\GDI32.dll
0x00007ffb118d0000 - 0x00007ffb11b75000 	C:\Windows\WinSxS\amd64_microsoft.windows.common-controls_6595b64144ccf1df_6.0.22000.120_none_9d947278b86cc467\COMCTL32.dll
0x00007ffb25a50000 - 0x00007ffb25b6e000 	C:\Windows\System32\gdi32full.dll
0x00007ffb25e90000 - 0x00007ffb25f2d000 	C:\Windows\System32\msvcp_win.dll
0x00007ffb27e80000 - 0x00007ffb27eb1000 	C:\Windows\System32\IMM32.DLL
0x00007ffb22740000 - 0x00007ffb2274c000 	D:\Android\Android Studio1\jbr\bin\vcruntime140_1.dll
0x00007ffae5f10000 - 0x00007ffae5f9d000 	D:\Android\Android Studio1\jbr\bin\msvcp140.dll
0x00007ffaa6350000 - 0x00007ffaa6fd3000 	D:\Android\Android Studio1\jbr\bin\server\jvm.dll
0x00007ffb242f0000 - 0x00007ffb2433d000 	C:\Windows\SYSTEM32\POWRPROF.dll
0x00007ffb1ede0000 - 0x00007ffb1edea000 	C:\Windows\SYSTEM32\VERSION.dll
0x00007ffb224c0000 - 0x00007ffb224c9000 	C:\Windows\SYSTEM32\WSOCK32.dll
0x00007ffb1fae0000 - 0x00007ffb1fb13000 	C:\Windows\SYSTEM32\WINMM.dll
0x00007ffb27e00000 - 0x00007ffb27e6f000 	C:\Windows\System32\WS2_32.dll
0x00007ffb243e0000 - 0x00007ffb243f3000 	C:\Windows\SYSTEM32\UMPDC.dll
0x00007ffb24bb0000 - 0x00007ffb24bc8000 	C:\Windows\SYSTEM32\kernel.appcore.dll
0x00007ffb225b0000 - 0x00007ffb225ba000 	D:\Android\Android Studio1\jbr\bin\jimage.dll
0x00007ffb22ed0000 - 0x00007ffb230f1000 	C:\Windows\SYSTEM32\DBGHELP.DLL
0x00007ffb12420000 - 0x00007ffb12451000 	C:\Windows\SYSTEM32\dbgcore.DLL
0x00007ffb25da0000 - 0x00007ffb25e1f000 	C:\Windows\System32\bcryptPrimitives.dll
0x00007ffb22340000 - 0x00007ffb22365000 	D:\Android\Android Studio1\jbr\bin\java.dll

dbghelp: loaded successfully - version: 4.0.5 - missing functions: none
symbol engine: initialized successfully - sym options: 0x614 - pdb path: .;D:\Android\Android Studio1\jbr\bin;C:\Windows\SYSTEM32;C:\Windows\WinSxS\amd64_microsoft.windows.common-controls_6595b64144ccf1df_6.0.22000.120_none_9d947278b86cc467;D:\Android\Android Studio1\jbr\bin\server

VM Arguments:
java_command: org.jetbrains.kotlin.cli.jvm.K2JVMCompiler @C:\Users\z00834141\AndroidStudioProjects\MovieApp\app\build\20240913_2145934942666578239.compiler.options
java_class_path (initial): C:\Users\z00834141\.gradle\caches\modules-2\files-2.1\org.jetbrains.kotlin\kotlin-compiler-embeddable\1.9.0\2c8c3a7402becca891f12739b3e9fd2dc2adbd7a\kotlin-compiler-embeddable-1.9.0.jar;C:\Users\z00834141\.gradle\caches\modules-2\files-2.1\org.jetbrains.kotlin\kotlin-stdlib\1.9.0\8ee15ef0c67dc83d874f412d84378d7f0eb50b63\kotlin-stdlib-1.9.0.jar;C:\Users\z00834141\.gradle\caches\modules-2\files-2.1\org.jetbrains.kotlin\kotlin-script-runtime\1.9.0\4b3102cbbb7e1b58d9d1adf89563f00069ffa7d1\kotlin-script-runtime-1.9.0.jar;C:\Users\z00834141\.gradle\caches\modules-2\files-2.1\org.jetbrains.kotlin\kotlin-reflect\1.6.10\1cbe9c92c12a94eea200d23c2bbaedaf3daf5132\kotlin-reflect-1.6.10.jar;C:\Users\z00834141\.gradle\caches\modules-2\files-2.1\org.jetbrains.kotlin\kotlin-daemon-embeddable\1.9.0\186543f5e28cf8d9a0290fecc2cf34301c40a65c\kotlin-daemon-embeddable-1.9.0.jar;C:\Users\z00834141\.gradle\caches\modules-2\files-2.1\org.jetbrains.intellij.deps\trove4j\1.0.20200330\3afb14d5f9ceb459d724e907a21145e8ff394f02\trove4j-1.0.20200330.jar;C:\Users\z00834141\.gradle\caches\modules-2\files-2.1\org.jetbrains.kotlin\kotlin-stdlib-common\1.9.0\cd65c21cfd1eec4d44ef09f9f52b6d9f8a720636\kotlin-stdlib-common-1.9.0.jar;C:\Users\z00834141\.gradle\caches\modules-2\files-2.1\org.jetbrains\annotations\13.0\919f0dfe192fb4e063e7dacadee7f8bb9a2672a9\annotations-13.0.jar
Launcher Type: SUN_STANDARD

[Global flags]
     intx CICompilerCount                          = 12                                        {product} {ergonomic}
     uint ConcGCThreads                            = 4                                         {product} {ergonomic}
     uint G1ConcRefinementThreads                  = 15                                        {product} {ergonomic}
   size_t G1HeapRegionSize                         = 2097152                                   {product} {ergonomic}
    uintx GCDrainStackTargetSize                   = 64                                        {product} {ergonomic}
   size_t InitialHeapSize                          = 264241152                                 {product} {ergonomic}
   size_t MarkStackSize                            = 4194304                                   {product} {ergonomic}
   size_t MaxHeapSize                              = 4223664128                                {product} {ergonomic}
   size_t MinHeapDeltaBytes                        = 2097152                                   {product} {ergonomic}
   size_t MinHeapSize                              = 8388608                                   {product} {ergonomic}
    uintx NonNMethodCodeHeapSize                   = 7602480                                {pd product} {ergonomic}
    uintx NonProfiledCodeHeapSize                  = 122027880                              {pd product} {ergonomic}
    uintx ProfiledCodeHeapSize                     = 122027880                              {pd product} {ergonomic}
    uintx ReservedCodeCacheSize                    = 251658240                              {pd product} {ergonomic}
     bool SegmentedCodeCache                       = true                                      {product} {ergonomic}
   size_t SoftMaxHeapSize                          = 4223664128                             {manageable} {ergonomic}
     bool UseCompressedClassPointers               = true                           {product lp64_product} {ergonomic}
     bool UseCompressedOops                        = true                           {product lp64_product} {ergonomic}
     bool UseG1GC                                  = true                                      {product} {ergonomic}
     bool UseLargePagesIndividualAllocation        = false                                  {pd product} {ergonomic}

Logging:
Log output configuration:
 #0: stdout all=warning uptime,level,tags
 #1: stderr all=off uptime,level,tags

Environment Variables:
PATH=C:\Program Files\Common Files\Oracle\Java\javapath;C:\Windows;C:\Windows\system32;C:\Windows\System32\Wbem;C:\Windows\System32\WindowsPowerShell\v1.0;C:\Windows;C:\Windows\system32;C:\Windows\System32\Wbem;C:\Windows\System32\WindowsPowerShell\v1.0;C:\Windows\System32\HWAudioDriver\;C:\Windows\System32\HWAudioDriverLibs;C:\Windows\System32\WindowsPowerShell\v1.0\;C:\Windows\System32\OpenSSH\;C:\Users\Administrator\AppData\Local\Microsoft\WindowsApps;C:\Windows\system32\config\systemprofile\AppData\Local\Microsoft\WindowsApps;C:\Program Files\nodejs\;D:\Git\cmd;C:\Users\z00834141\AppData\Local\Microsoft\WindowsApps;C:\Users\z00834141\AppData\Local\Programs\Microsoft VS Code\bin;C:\Users\z00834141\AppData\Roaming\npm;D:\flutter\flutter\bin
USERNAME=z00834141
OS=Windows_NT
PROCESSOR_IDENTIFIER=Intel64 Family 6 Model 154 Stepping 3, GenuineIntel
TMP=C:\Users\Z00834~1\AppData\Local\Temp
TEMP=C:\Users\Z00834~1\AppData\Local\Temp



Periodic native trim disabled

JNI global refs:
JNI global refs: 0, weak refs: 0

JNI global refs memory usage: 0, weak refs: 0

Process memory usage:
Resident Set Size: 10816K (0% of 16497272K total physical memory with 149948K free physical memory)

OOME stack traces (most recent first):
Classloader memory used:


---------------  S Y S T E M  ---------------

OS:
 Windows 11 , 64 bit Build 22000 (10.0.22000.2538)
OS uptime: 73 days 20:16 hours

CPU: total 20 (initial active 20) (10 cores per cpu, 2 threads per core) family 6 model 154 stepping 3 microcode 0x41e, cx8, cmov, fxsr, ht, mmx, 3dnowpref, sse, sse2, sse3, ssse3, sse4.1, sse4.2, popcnt, lzcnt, tsc, tscinvbit, avx, avx2, aes, erms, clmul, bmi1, bmi2, adx, sha, fma, vzeroupper, clflush, clflushopt, clwb
Processor Information for processor 0
  Max Mhz: 2500, Current Mhz: 2500, Mhz Limit: 1800
Processor Information for processor 1
  Max Mhz: 2500, Current Mhz: 2500, Mhz Limit: 2500
Processor Information for processor 2
  Max Mhz: 2500, Current Mhz: 2500, Mhz Limit: 2500
Processor Information for processor 3
  Max Mhz: 2500, Current Mhz: 2500, Mhz Limit: 2500
Processor Information for processor 4
  Max Mhz: 2500, Current Mhz: 2500, Mhz Limit: 2500
Processor Information for processor 5
  Max Mhz: 2500, Current Mhz: 2500, Mhz Limit: 2500
Processor Information for processor 6
  Max Mhz: 2500, Current Mhz: 2500, Mhz Limit: 2500
Processor Information for processor 7
  Max Mhz: 2500, Current Mhz: 2500, Mhz Limit: 2500
Processor Information for processor 8
  Max Mhz: 2500, Current Mhz: 2500, Mhz Limit: 2500
Processor Information for processor 9
  Max Mhz: 2500, Current Mhz: 2500, Mhz Limit: 2500
Processor Information for processor 10
  Max Mhz: 2500, Current Mhz: 2500, Mhz Limit: 2500
Processor Information for processor 11
  Max Mhz: 2500, Current Mhz: 2500, Mhz Limit: 2500
Processor Information for processor 12
  Max Mhz: 2500, Current Mhz: 1800, Mhz Limit: 1800
Processor Information for processor 13
  Max Mhz: 2500, Current Mhz: 1800, Mhz Limit: 1800
Processor Information for processor 14
  Max Mhz: 2500, Current Mhz: 1800, Mhz Limit: 1800
Processor Information for processor 15
  Max Mhz: 2500, Current Mhz: 1800, Mhz Limit: 1800
Processor Information for processor 16
  Max Mhz: 2500, Current Mhz: 1800, Mhz Limit: 1800
Processor Information for processor 17
  Max Mhz: 2500, Current Mhz: 1800, Mhz Limit: 1800
Processor Information for processor 18
  Max Mhz: 2500, Current Mhz: 1800, Mhz Limit: 1800
Processor Information for processor 19
  Max Mhz: 2500, Current Mhz: 1800, Mhz Limit: 1800

Memory: 4k page, system-wide physical 16110M (146M free)
TotalPageFile size 65262M (AvailPageFile size 224M)
current process WorkingSet (physical memory assigned to process): 10M, peak: 10M
current process commit charge ("private bytes"): 75M, peak: 327M

vm_info: OpenJDK 64-Bit Server VM (17.0.11+0--11852314) for windows-amd64 JRE (17.0.11+0--11852314), built on May 16 2024 21:29:20 by "androidbuild" with MS VC++ 16.10 / 16.11 (VS2019)

END.
